<?xml version="1.0" encoding="utf-8"?><testsuites name="pytest tests"><testsuite name="pytest" errors="0" failures="0" skipped="0" tests="177" time="1.642" timestamp="2025-09-05T17:22:23.620584-07:00" hostname="Joe-Juneau-L218"><testcase classname="tests.test_scoring_bounds.TestScoringBounds" name="test_score_clamp_upper_bound" time="0.030" /><testcase classname="tests.test_scoring_bounds.TestScoringBounds" name="test_score_clamp_lower_bound" time="0.000" /><testcase classname="tests.test_scoring_bounds.TestScoringBounds" name="test_score_rounding_behavior" time="0.000" /><testcase classname="tests.test_scoring_bounds.TestScoringBounds" name="test_score_rounding_edge_cases" time="0.000" /><testcase classname="tests.test_scoring_bounds.TestScoringBounds" name="test_component_score_bounds" time="0.000" /><testcase classname="tests.test_scoring_bounds.TestScoringBounds" name="test_penalty_application_bounds" time="0.000" /><testcase classname="tests.test_scoring_bounds.TestScoringBounds" name="test_base_score_calculation" time="0.000" /><testcase classname="tests.test_scoring_bounds.TestScoringBounds" name="test_penalty_subtraction_accuracy" time="0.000" /><testcase classname="tests.test_scoring_bounds.TestScoringBounds" name="test_score_precision" time="0.000" /><testcase classname="tests.test_scoring_bounds.TestScoringBounds" name="test_extreme_penalty_values" time="0.000" /><testcase classname="tests.test_scoring_bounds.TestScoringBounds" name="test_zero_penalty_values" time="0.000" /><testcase classname="tests.test_scoring_bounds.TestScoringBounds" name="test_negative_penalty_values" time="0.000" /><testcase classname="tests.test_scoring_bounds.TestScoringBounds" name="test_combined_penalty_bounds" time="0.000" /><testcase classname="tests.test_scoring_bounds.TestScoringBounds" name="test_edge_case_score_boundaries" time="0.000" /><testcase classname="tests.test_scoring_bulk_gate.TestScoringBulkGate" name="test_bulk_gate_cutoff_behavior" time="0.008" /><testcase classname="tests.test_scoring_bulk_gate.TestScoringBulkGate" name="test_bulk_gate_filtering_logic" time="0.002" /><testcase classname="tests.test_scoring_bulk_gate.TestScoringBulkGate" name="test_bulk_gate_performance" time="0.003" /><testcase classname="tests.test_scoring_bulk_gate.TestScoringBulkGate" name="test_bulk_gate_empty_results" time="0.001" /><testcase classname="tests.test_scoring_bulk_gate.TestScoringBulkGate" name="test_bulk_gate_all_results" time="0.002" /><testcase classname="tests.test_scoring_bulk_parity.TestScoringBulkParity" name="test_parity_of_scores_components" time="0.001" /><testcase classname="tests.test_scoring_bulk_parity.TestScoringBulkParity" name="test_gate_correctness_below_cutoff" time="0.001" /><testcase classname="tests.test_scoring_bulk_parity.TestScoringBulkParity" name="test_gate_correctness_above_cutoff" time="0.001" /><testcase classname="tests.test_scoring_bulk_parity.TestScoringBulkParity" name="test_suffix_defaulting_non_mutation" time="0.007" /><testcase classname="tests.test_scoring_bulk_parity.TestScoringBulkParity" name="test_order_stability_sequential" time="0.002" /><testcase classname="tests.test_scoring_bulk_parity.TestScoringBulkParity" name="test_gate_logging_smoke_check" time="0.002" /><testcase classname="tests.test_scoring_bulk_parity.TestScoringBulkParity" name="test_empty_candidate_pairs" time="0.002" /><testcase classname="tests.test_scoring_bulk_parity.TestScoringBulkParity" name="test_single_candidate_pair" time="0.002" /><testcase classname="tests.test_scoring_bulk_parity.TestScoringBulkParity" name="test_configurable_gate_cutoff" time="0.002" /><testcase classname="tests.test_scoring_components.TestScoringComponents" name="test_token_sort_ratio_sensitivity" time="0.000" /><testcase classname="tests.test_scoring_components.TestScoringComponents" name="test_token_sort_ratio_vs_set_difference" time="0.000" /><testcase classname="tests.test_scoring_components.TestScoringComponents" name="test_token_set_ratio_resilience" time="0.000" /><testcase classname="tests.test_scoring_components.TestScoringComponents" name="test_token_set_ratio_weak_token_handling" time="0.000" /><testcase classname="tests.test_scoring_components.TestScoringComponents" name="test_jaccard_enhanced_tokens" time="0.000" /><testcase classname="tests.test_scoring_components.TestScoringComponents" name="test_jaccard_plural_singular_mapping" time="0.000" /><testcase classname="tests.test_scoring_components.TestScoringComponents" name="test_jaccard_canonical_retail_terms" time="0.000" /><testcase classname="tests.test_scoring_components.TestScoringComponents" name="test_jaccard_weak_token_removal" time="0.000" /><testcase classname="tests.test_scoring_components.TestScoringComponents" name="test_jaccard_empty_tokens" time="0.000" /><testcase classname="tests.test_scoring_components.TestScoringComponents" name="test_enhanced_normalization_fallback" time="0.003" /><testcase classname="tests.test_scoring_config_defaults.TestScoringConfigDefaults" name="test_penalty_removal_no_score_drop" time="0.002" /><testcase classname="tests.test_scoring_config_defaults.TestScoringConfigDefaults" name="test_gate_cutoff_behavior_change" time="0.001" /><testcase classname="tests.test_scoring_config_defaults.TestScoringConfigDefaults" name="test_default_penalty_values" time="0.000" /><testcase classname="tests.test_scoring_config_defaults.TestScoringConfigDefaults" name="test_default_gate_cutoff" time="0.000" /><testcase classname="tests.test_scoring_config_defaults.TestScoringConfigDefaults" name="test_default_bulk_cdist_setting" time="0.000" /><testcase classname="tests.test_scoring_config_defaults.TestScoringConfigDefaults" name="test_config_missing_values_defaults" time="0.001" /><testcase classname="tests.test_scoring_config_defaults.TestScoringConfigDefaults" name="test_config_empty_values_defaults" time="0.002" /><testcase classname="tests.test_scoring_config_defaults.TestScoringConfigDefaults" name="test_config_none_values_defaults" time="0.002" /><testcase classname="tests.test_scoring_config_defaults.TestScoringConfigDefaults" name="test_config_override_defaults" time="0.001" /><testcase classname="tests.test_scoring_config_defaults.TestScoringConfigDefaults" name="test_config_validation_defaults" time="0.001" /><testcase classname="tests.test_scoring_config_defaults.TestScoringConfigDefaults" name="test_config_type_coercion" time="0.001" /><testcase classname="tests.test_scoring_config_defaults.TestScoringConfigDefaults" name="test_config_nested_defaults" time="0.001" /><testcase classname="tests.test_scoring_config_defaults.TestScoringConfigDefaults" name="test_penalty_values_from_config" time="0.002" /><testcase classname="tests.test_scoring_config_toggles.TestScoringConfigToggles" name="test_medium_threshold_filtering" time="0.000" /><testcase classname="tests.test_scoring_config_toggles.TestScoringConfigToggles" name="test_penalty_value_changes" time="0.000" /><testcase classname="tests.test_scoring_config_toggles.TestScoringConfigToggles" name="test_penalty_disabling" time="0.000" /><testcase classname="tests.test_scoring_config_toggles.TestScoringConfigToggles" name="test_normalization_weak_tokens_toggle" time="0.000" /><testcase classname="tests.test_scoring_config_toggles.TestScoringConfigToggles" name="test_normalization_plural_map_toggle" time="0.000" /><testcase classname="tests.test_scoring_config_toggles.TestScoringConfigToggles" name="test_normalization_canonical_terms_toggle" time="0.000" /><testcase classname="tests.test_scoring_config_toggles.TestScoringConfigToggles" name="test_gate_cutoff_configuration" time="0.000" /><testcase classname="tests.test_scoring_config_toggles.TestScoringConfigToggles" name="test_bulk_cdist_toggle" time="0.000" /><testcase classname="tests.test_scoring_config_toggles.TestScoringConfigToggles" name="test_parallel_workers_configuration" time="0.000" /><testcase classname="tests.test_scoring_config_toggles.TestScoringConfigToggles" name="test_config_validation" time="0.000" /><testcase classname="tests.test_scoring_config_toggles.TestScoringConfigToggles" name="test_config_defaults" time="0.000" /><testcase classname="tests.test_scoring_config_toggles.TestScoringConfigToggles" name="test_config_override_behavior" time="0.000" /><testcase classname="tests.test_scoring_config_toggles.TestScoringConfigToggles" name="test_config_immutability" time="0.000" /><testcase classname="tests.test_scoring_contracts.TestScoringContracts" name="test_no_dataframe_mutation" time="0.003" /><testcase classname="tests.test_scoring_contracts.TestScoringContracts" name="test_string_dtype_enforcement" time="0.002" /><testcase classname="tests.test_scoring_contracts.TestScoringContracts" name="test_sort_order_contract_documentation" time="0.002" /><testcase classname="tests.test_scoring_contracts.TestScoringContracts" name="test_deterministic_outputs" time="0.001" /><testcase classname="tests.test_scoring_contracts.TestScoringContracts" name="test_output_column_structure" time="0.001" /><testcase classname="tests.test_scoring_contracts.TestScoringContracts" name="test_output_data_types" time="0.001" /><testcase classname="tests.test_scoring_contracts.TestScoringContracts" name="test_empty_input_handling" time="0.002" /><testcase classname="tests.test_scoring_contracts.TestScoringContracts" name="test_output_consistency_bulk_parallel" time="0.002" /><testcase classname="tests.test_scoring_contracts.TestScoringContracts" name="test_score_bounds_contract" time="0.002" /><testcase classname="tests.test_scoring_contracts.TestScoringContracts" name="test_penalty_flags_contract" time="0.002" /><testcase classname="tests.test_scoring_contracts.TestScoringContracts" name="test_component_scores_contract" time="0.001" /><testcase classname="tests.test_scoring_degenerate.TestScoringDegenerate" name="test_jaccard_empty_tokens_returns_zero" time="0.000" /><testcase classname="tests.test_scoring_degenerate.TestScoringDegenerate" name="test_empty_candidate_list_empty_dataframe" time="0.002" /><testcase classname="tests.test_scoring_degenerate.TestScoringDegenerate" name="test_empty_candidate_list_no_mutation" time="0.003" /><testcase classname="tests.test_scoring_degenerate.TestScoringDegenerate" name="test_empty_candidate_list_correct_columns" time="0.001" /><testcase classname="tests.test_scoring_degenerate.TestScoringDegenerate" name="test_none_inputs_handling" time="0.002" /><testcase classname="tests.test_scoring_degenerate.TestScoringDegenerate" name="test_empty_string_inputs_handling" time="0.000" /><testcase classname="tests.test_scoring_degenerate.TestScoringDegenerate" name="test_whitespace_only_inputs_handling" time="0.000" /><testcase classname="tests.test_scoring_degenerate.TestScoringDegenerate" name="test_single_character_inputs_handling" time="0.000" /><testcase classname="tests.test_scoring_degenerate.TestScoringDegenerate" name="test_very_long_inputs_handling" time="0.007" /><testcase classname="tests.test_scoring_degenerate.TestScoringDegenerate" name="test_special_character_only_inputs_handling" time="0.000" /><testcase classname="tests.test_scoring_degenerate.TestScoringDegenerate" name="test_numeric_only_inputs_handling" time="0.000" /><testcase classname="tests.test_scoring_degenerate.TestScoringDegenerate" name="test_mixed_type_inputs_handling" time="0.000" /><testcase classname="tests.test_scoring_degenerate.TestScoringDegenerate" name="test_unicode_inputs_handling" time="0.000" /><testcase classname="tests.test_scoring_degenerate.TestScoringDegenerate" name="test_edge_case_combinations" time="0.000" /><testcase classname="tests.test_scoring_enhanced_fallback.TestScoringEnhancedFallback" name="test_normalize_import_failure_fallback" time="0.000" /><testcase classname="tests.test_scoring_enhanced_fallback.TestScoringEnhancedFallback" name="test_enhance_name_core_failure_fallback" time="0.000" /><testcase classname="tests.test_scoring_enhanced_fallback.TestScoringEnhancedFallback" name="test_get_enhanced_tokens_failure_fallback" time="0.000" /><testcase classname="tests.test_scoring_enhanced_fallback.TestScoringEnhancedFallback" name="test_penalties_apply_during_fallback" time="0.000" /><testcase classname="tests.test_scoring_enhanced_fallback.TestScoringEnhancedFallback" name="test_no_exceptions_leak_fallback" time="0.001" /><testcase classname="tests.test_scoring_enhanced_fallback.TestScoringEnhancedFallback" name="test_fallback_score_consistency" time="0.001" /><testcase classname="tests.test_scoring_enhanced_fallback.TestScoringEnhancedFallback" name="test_fallback_performance" time="0.000" /><testcase classname="tests.test_scoring_enhanced_fallback.TestScoringEnhancedFallback" name="test_fallback_logging" time="0.000" /><testcase classname="tests.test_scoring_enhanced_fallback.TestScoringEnhancedFallback" name="test_fallback_graceful_degradation" time="0.001" /><testcase classname="tests.test_scoring_enhanced_fallback.TestScoringEnhancedFallback" name="test_fallback_error_recovery" time="0.001" /><testcase classname="tests.test_scoring_enhanced_fallback.TestScoringEnhancedFallback" name="test_fallback_configuration_handling" time="0.000" /><testcase classname="tests.test_scoring_enhanced_fallback.TestScoringEnhancedFallback" name="test_fallback_determinism" time="0.001" /><testcase classname="tests.test_scoring_logging.TestScoringLogging" name="test_bulk_gate_logging_exists" time="0.002" /><testcase classname="tests.test_scoring_logging.TestScoringLogging" name="test_bulk_gate_logging_empty_candidates" time="0.001" /><testcase classname="tests.test_scoring_logging.TestScoringLogging" name="test_bulk_gate_logging_consistency" time="0.005" /><testcase classname="tests.test_scoring_logging.TestScoringLogging" name="test_bulk_gate_logging_performance" time="0.002" /><testcase classname="tests.test_scoring_logging.TestScoringLogging" name="test_bulk_gate_logging_documentation" time="0.001" /><testcase classname="tests.test_scoring_logging_bulk_gate.TestScoringLoggingBulkGate" name="test_bulk_gate_info_log_format" time="0.000" /><testcase classname="tests.test_scoring_logging_bulk_gate.TestScoringLoggingBulkGate" name="test_bulk_gate_log_level" time="0.000" /><testcase classname="tests.test_scoring_logging_bulk_gate.TestScoringLoggingBulkGate" name="test_bulk_gate_log_content" time="0.000" /><testcase classname="tests.test_scoring_logging_bulk_gate.TestScoringLoggingBulkGate" name="test_bulk_gate_log_timing" time="0.000" /><testcase classname="tests.test_scoring_logging_bulk_gate.TestScoringLoggingBulkGate" name="test_bulk_gate_log_context" time="0.000" /><testcase classname="tests.test_scoring_logging_bulk_gate.TestScoringLoggingBulkGate" name="test_bulk_gate_log_performance" time="0.000" /><testcase classname="tests.test_scoring_logging_bulk_gate.TestScoringLoggingBulkGate" name="test_bulk_gate_log_thread_safety" time="0.000" /><testcase classname="tests.test_scoring_logging_bulk_gate.TestScoringLoggingBulkGate" name="test_bulk_gate_log_memory_usage" time="0.000" /><testcase classname="tests.test_scoring_logging_bulk_gate.TestScoringLoggingBulkGate" name="test_bulk_gate_log_error_handling" time="0.000" /><testcase classname="tests.test_scoring_logging_bulk_gate.TestScoringLoggingBulkGate" name="test_bulk_gate_log_configuration" time="0.000" /><testcase classname="tests.test_scoring_logging_bulk_gate.TestScoringLoggingBulkGate" name="test_bulk_gate_log_consistency" time="0.000" /><testcase classname="tests.test_scoring_logging_bulk_gate.TestScoringLoggingBulkGate" name="test_bulk_gate_log_validation" time="0.000" /><testcase classname="tests.test_scoring_output_persistence.TestScoringOutputPersistence" name="test_output_format_consistency" time="0.002" /><testcase classname="tests.test_scoring_output_persistence.TestScoringOutputPersistence" name="test_output_data_types" time="0.002" /><testcase classname="tests.test_scoring_output_persistence.TestScoringOutputPersistence" name="test_output_structure" time="0.001" /><testcase classname="tests.test_scoring_output_persistence.TestScoringOutputPersistence" name="test_output_consistency_bulk_parallel" time="0.005" /><testcase classname="tests.test_scoring_output_persistence.TestScoringOutputPersistence" name="test_output_empty_input" time="0.004" /><testcase classname="tests.test_scoring_output_persistence.TestScoringOutputPersistence" name="test_output_determinism" time="0.005" /><testcase classname="tests.test_scoring_penalties.TestScoringPenalties" name="test_suffix_mismatch_penalty_exact" time="0.000" /><testcase classname="tests.test_scoring_penalties.TestScoringPenalties" name="test_suffix_mismatch_penalty_values" time="0.000" /><testcase classname="tests.test_scoring_penalties.TestScoringPenalties" name="test_numeric_style_mismatch_penalty" time="0.000" /><testcase classname="tests.test_scoring_penalties.TestScoringPenalties" name="test_numeric_style_mismatch_digit_patterns" time="0.000" /><testcase classname="tests.test_scoring_penalties.TestScoringPenalties" name="test_numeric_style_match_same_patterns" time="0.000" /><testcase classname="tests.test_scoring_penalties.TestScoringPenalties" name="test_punctuation_mismatch_penalty" time="0.000" /><testcase classname="tests.test_scoring_penalties.TestScoringPenalties" name="test_punctuation_mismatch_apostrophes" time="0.000" /><testcase classname="tests.test_scoring_penalties.TestScoringPenalties" name="test_punctuation_variants_en_dash" time="0.001" /><testcase classname="tests.test_scoring_penalties.TestScoringPenalties" name="test_punctuation_variants_smart_quotes_unit_path" time="0.000" /><testcase classname="tests.test_scoring_penalties.TestScoringPenalties" name="test_penalty_boolean_flags" time="0.000" /><testcase classname="tests.test_scoring_penalties.TestScoringPenalties" name="test_penalty_config_toggles" time="0.000" /><testcase classname="tests.test_scoring_penalties.TestScoringPenalties" name="test_multiple_penalties_combined" time="0.000" /><testcase classname="tests.test_scoring_penalties.TestScoringPenalties" name="test_penalty_edge_cases_zero_values" time="0.000" /><testcase classname="tests.test_scoring_penalties.TestScoringPenalties" name="test_punctuation_penalty_production_flow" time="0.002" /><testcase classname="tests.test_scoring_persistence.TestScoringPersistence" name="test_interim_dir_parquet_schema" time="0.000" /><testcase classname="tests.test_scoring_persistence.TestScoringPersistence" name="test_parquet_file_creation" time="0.000" /><testcase classname="tests.test_scoring_persistence.TestScoringPersistence" name="test_parquet_schema_validation" time="0.000" /><testcase classname="tests.test_scoring_persistence.TestScoringPersistence" name="test_parquet_data_integrity" time="0.000" /><testcase classname="tests.test_scoring_persistence.TestScoringPersistence" name="test_parquet_file_permissions" time="0.000" /><testcase classname="tests.test_scoring_persistence.TestScoringPersistence" name="test_parquet_file_cleanup" time="0.000" /><testcase classname="tests.test_scoring_persistence.TestScoringPersistence" name="test_interim_dir_creation" time="0.000" /><testcase classname="tests.test_scoring_persistence.TestScoringPersistence" name="test_interim_dir_permissions" time="0.000" /><testcase classname="tests.test_scoring_persistence.TestScoringPersistence" name="test_parquet_compression" time="0.000" /><testcase classname="tests.test_scoring_persistence.TestScoringPersistence" name="test_parquet_metadata" time="0.004" /><testcase classname="tests.test_scoring_persistence.TestScoringPersistence" name="test_parquet_readability" time="0.000" /><testcase classname="tests.test_scoring_persistence.TestScoringPersistence" name="test_parquet_performance" time="0.004" /><testcase classname="tests.test_scoring_robustness.TestScoringRobustness" name="test_whitespace_variants_leading_trailing" time="0.000" /><testcase classname="tests.test_scoring_robustness.TestScoringRobustness" name="test_whitespace_variants_multiple_spaces" time="0.000" /><testcase classname="tests.test_scoring_robustness.TestScoringRobustness" name="test_whitespace_variants_tabs_newlines" time="0.000" /><testcase classname="tests.test_scoring_robustness.TestScoringRobustness" name="test_empty_names_handling" time="0.000" /><testcase classname="tests.test_scoring_robustness.TestScoringRobustness" name="test_short_names_handling" time="0.000" /><testcase classname="tests.test_scoring_robustness.TestScoringRobustness" name="test_missing_suffix_class_defaulting" time="0.000" /><testcase classname="tests.test_scoring_robustness.TestScoringRobustness" name="test_unicode_smart_quotes" time="0.000" /><testcase classname="tests.test_scoring_robustness.TestScoringRobustness" name="test_unicode_en_dash_vs_hyphen" time="0.000" /><testcase classname="tests.test_scoring_robustness.TestScoringRobustness" name="test_unicode_em_dash_vs_hyphen" time="0.000" /><testcase classname="tests.test_scoring_robustness.TestScoringRobustness" name="test_unicode_curly_quotes" time="0.000" /><testcase classname="tests.test_scoring_robustness.TestScoringRobustness" name="test_unicode_accents" time="0.000" /><testcase classname="tests.test_scoring_robustness.TestScoringRobustness" name="test_unicode_special_characters" time="0.000" /><testcase classname="tests.test_scoring_robustness.TestScoringRobustness" name="test_none_input_handling" time="0.000" /><testcase classname="tests.test_scoring_robustness.TestScoringRobustness" name="test_numeric_only_names" time="0.000" /><testcase classname="tests.test_scoring_robustness.TestScoringRobustness" name="test_special_character_only_names" time="0.000" /><testcase classname="tests.test_scoring_robustness.TestScoringRobustness" name="test_very_long_names" time="0.000" /><testcase classname="tests.test_scoring_robustness.TestScoringRobustness" name="test_mixed_unicode_normalization" time="0.002" /><testcase classname="tests.test_scoring_threshold_sort.TestScoringThresholdSort" name="test_medium_threshold_filters_below_cutoff" time="0.002" /><testcase classname="tests.test_scoring_threshold_sort.TestScoringThresholdSort" name="test_gate_cutoff_boundary_behavior" time="0.002" /><testcase classname="tests.test_scoring_threshold_sort.TestScoringThresholdSort" name="test_gate_cutoff_configuration" time="0.002" /><testcase classname="tests.test_scoring_threshold_sort.TestScoringThresholdSort" name="test_stable_sort_contract_documentation" time="0.002" /><testcase classname="tests.test_scoring_threshold_sort.TestScoringThresholdSort" name="test_stable_sort_contract_specification" time="0.002" /><testcase classname="tests.test_scoring_threshold_sort.TestScoringThresholdSort" name="test_sort_determinism_contract" time="0.001" /><testcase classname="tests.test_scoring_threshold_sort.TestScoringThresholdSort" name="test_sort_stability_contract" time="0.002" /><testcase classname="tests.test_scoring_threshold_sort.TestScoringThresholdSort" name="test_threshold_edge_cases" time="0.002" /><testcase classname="tests.test_scoring_threshold_sort.TestScoringThresholdSort" name="test_sort_edge_cases" time="0.002" /><testcase classname="tests.test_scoring_threshold_sort.TestScoringThresholdSort" name="test_threshold_sort_integration" time="0.002" /></testsuite></testsuites>